<?xml version="1.0" encoding="UTF-8"?>
<testng-results ignored="0" total="2" passed="2" failed="0" skipped="0">
  <reporter-output>
  </reporter-output>
  <suite started-at="2023-04-10T15:40:11 IST" name="Default suite" finished-at="2023-04-10T15:40:16 IST" duration-ms="5322">
    <groups>
    </groups>
    <test started-at="2023-04-10T15:40:11 IST" name="Default test" finished-at="2023-04-10T15:40:16 IST" duration-ms="5322">
      <class name="day1.HTTPRequest">
        <test-method signature="getUsersData()[pri:0, instance:day1.HTTPRequest@72e5a8e]" started-at="2023-04-10T15:40:11 IST" name="getUsersData" finished-at="2023-04-10T15:40:15 IST" duration-ms="4633" status="PASS">
          <reporter-output>
          </reporter-output>
        </test-method> <!-- getUsersData -->
        <test-method signature="creatUsers()[pri:1, instance:day1.HTTPRequest@72e5a8e]" started-at="2023-04-10T15:40:15 IST" name="creatUsers" finished-at="2023-04-10T15:40:16 IST" duration-ms="557" status="PASS">
          <reporter-output>
          </reporter-output>
        </test-method> <!-- creatUsers -->
      </class> <!-- day1.HTTPRequest -->
    </test> <!-- Default test -->
  </suite> <!-- Default suite -->
</testng-results>
